{"/Users/luisfrancisco/Documents/Projects/0-Practicing/LearnTests/ignews/src/components/ActiveLink/index.tsx": {"path":"/Users/luisfrancisco/Documents/Projects/0-Practicing/LearnTests/ignews/src/components/ActiveLink/index.tsx","statementMap":{"0":{"start":{"line":11,"column":21},"end":{"line":11,"column":32}},"1":{"start":{"line":13,"column":20},"end":{"line":15,"column":8}},"2":{"start":{"line":17,"column":2},"end":{"line":23,"column":3}}},"fnMap":{"0":{"name":"ActiveLink","decl":{"start":{"line":10,"column":16},"end":{"line":10,"column":26}},"loc":{"start":{"line":10,"column":84},"end":{"line":24,"column":1}},"line":10}},"branchMap":{"0":{"loc":{"start":{"line":13,"column":20},"end":{"line":15,"column":8}},"type":"cond-expr","locations":[{"start":{"line":14,"column":6},"end":{"line":14,"column":21}},{"start":{"line":15,"column":6},"end":{"line":15,"column":8}}],"line":13}},"s":{"0":4,"1":4,"2":4},"f":{"0":4},"b":{"0":[3,1]},"_coverageSchema":"1a1c01bbd47fc00a2c39e90264f33305004495a9","hash":"87e7defa4cea26d80e46753ae005c28dc7c162ee"}
,"/Users/luisfrancisco/Documents/Projects/0-Practicing/LearnTests/ignews/src/components/Header/index.tsx": {"path":"/Users/luisfrancisco/Documents/Projects/0-Practicing/LearnTests/ignews/src/components/Header/index.tsx","statementMap":{"0":{"start":{"line":6,"column":2},"end":{"line":23,"column":3}}},"fnMap":{"0":{"name":"Header","decl":{"start":{"line":5,"column":16},"end":{"line":5,"column":22}},"loc":{"start":{"line":5,"column":25},"end":{"line":24,"column":1}},"line":5}},"branchMap":{},"s":{"0":1},"f":{"0":1},"b":{},"_coverageSchema":"1a1c01bbd47fc00a2c39e90264f33305004495a9","hash":"f0d1127e16a840d2231bb04b3c4ec9234c5e1990"}
,"/Users/luisfrancisco/Documents/Projects/0-Practicing/LearnTests/ignews/src/components/SignInButton/index.tsx": {"path":"/Users/luisfrancisco/Documents/Projects/0-Practicing/LearnTests/ignews/src/components/SignInButton/index.tsx","statementMap":{"0":{"start":{"line":9,"column":20},"end":{"line":9,"column":32}},"1":{"start":{"line":11,"column":2},"end":{"line":11,"column":23}},"2":{"start":{"line":13,"column":2},"end":{"line":32,"column":3}},"3":{"start":{"line":17,"column":21},"end":{"line":17,"column":30}},"4":{"start":{"line":27,"column":21},"end":{"line":27,"column":37}}},"fnMap":{"0":{"name":"SignInButton","decl":{"start":{"line":8,"column":16},"end":{"line":8,"column":28}},"loc":{"start":{"line":8,"column":31},"end":{"line":33,"column":1}},"line":8},"1":{"name":"(anonymous_1)","decl":{"start":{"line":17,"column":15},"end":{"line":17,"column":16}},"loc":{"start":{"line":17,"column":21},"end":{"line":17,"column":30}},"line":17},"2":{"name":"(anonymous_2)","decl":{"start":{"line":27,"column":15},"end":{"line":27,"column":16}},"loc":{"start":{"line":27,"column":21},"end":{"line":27,"column":37}},"line":27}},"branchMap":{"0":{"loc":{"start":{"line":13,"column":9},"end":{"line":32,"column":3}},"type":"cond-expr","locations":[{"start":{"line":14,"column":4},"end":{"line":22,"column":13}},{"start":{"line":24,"column":4},"end":{"line":31,"column":13}}],"line":13}},"s":{"0":3,"1":3,"2":3,"3":0,"4":0},"f":{"0":3,"1":0,"2":0},"b":{"0":[1,2]},"_coverageSchema":"1a1c01bbd47fc00a2c39e90264f33305004495a9","hash":"02699b533b2c68a109777898e01d47e04a42d37d"}
,"/Users/luisfrancisco/Documents/Projects/0-Practicing/LearnTests/ignews/src/components/SubscribeButton/index.tsx": {"path":"/Users/luisfrancisco/Documents/Projects/0-Practicing/LearnTests/ignews/src/components/SubscribeButton/index.tsx","statementMap":{"0":{"start":{"line":12,"column":20},"end":{"line":12,"column":32}},"1":{"start":{"line":13,"column":17},"end":{"line":13,"column":28}},"2":{"start":{"line":16,"column":4},"end":{"line":19,"column":5}},"3":{"start":{"line":17,"column":6},"end":{"line":17,"column":22}},"4":{"start":{"line":18,"column":6},"end":{"line":18,"column":13}},"5":{"start":{"line":21,"column":4},"end":{"line":24,"column":5}},"6":{"start":{"line":22,"column":6},"end":{"line":22,"column":28}},"7":{"start":{"line":23,"column":6},"end":{"line":23,"column":13}},"8":{"start":{"line":26,"column":4},"end":{"line":36,"column":5}},"9":{"start":{"line":27,"column":23},"end":{"line":27,"column":51}},"10":{"start":{"line":29,"column":28},"end":{"line":29,"column":41}},"11":{"start":{"line":31,"column":21},"end":{"line":31,"column":40}},"12":{"start":{"line":33,"column":6},"end":{"line":33,"column":52}},"13":{"start":{"line":35,"column":6},"end":{"line":35,"column":25}},"14":{"start":{"line":40,"column":2},"end":{"line":48,"column":3}}},"fnMap":{"0":{"name":"SubscribeButton","decl":{"start":{"line":11,"column":16},"end":{"line":11,"column":31}},"loc":{"start":{"line":11,"column":67},"end":{"line":49,"column":1}},"line":11},"1":{"name":"handleSubscribe","decl":{"start":{"line":15,"column":17},"end":{"line":15,"column":32}},"loc":{"start":{"line":15,"column":35},"end":{"line":37,"column":3}},"line":15}},"branchMap":{"0":{"loc":{"start":{"line":16,"column":4},"end":{"line":19,"column":5}},"type":"if","locations":[{"start":{"line":16,"column":4},"end":{"line":19,"column":5}},{"start":{},"end":{}}],"line":16},"1":{"loc":{"start":{"line":21,"column":4},"end":{"line":24,"column":5}},"type":"if","locations":[{"start":{"line":21,"column":4},"end":{"line":24,"column":5}},{"start":{},"end":{}}],"line":21}},"s":{"0":4,"1":4,"2":2,"3":1,"4":1,"5":1,"6":1,"7":1,"8":0,"9":0,"10":0,"11":0,"12":0,"13":0,"14":4},"f":{"0":4,"1":2},"b":{"0":[1,1],"1":[1,0]},"_coverageSchema":"1a1c01bbd47fc00a2c39e90264f33305004495a9","hash":"95fbd6d29c4ba8922aa1d1e37fb907647e5cdfcd"}
,"/Users/luisfrancisco/Documents/Projects/0-Practicing/LearnTests/ignews/src/pages/_app.tsx": {"path":"/Users/luisfrancisco/Documents/Projects/0-Practicing/LearnTests/ignews/src/pages/_app.tsx","statementMap":{"0":{"start":{"line":8,"column":2},"end":{"line":13,"column":3}}},"fnMap":{"0":{"name":"MyApp","decl":{"start":{"line":7,"column":9},"end":{"line":7,"column":14}},"loc":{"start":{"line":7,"column":51},"end":{"line":14,"column":1}},"line":7}},"branchMap":{},"s":{"0":0},"f":{"0":0},"b":{}}
,"/Users/luisfrancisco/Documents/Projects/0-Practicing/LearnTests/ignews/src/pages/_document.tsx": {"path":"/Users/luisfrancisco/Documents/Projects/0-Practicing/LearnTests/ignews/src/pages/_document.tsx","statementMap":{"0":{"start":{"line":5,"column":4},"end":{"line":17,"column":5}}},"fnMap":{"0":{"name":"(anonymous_0)","decl":{"start":{"line":4,"column":2},"end":{"line":4,"column":3}},"loc":{"start":{"line":4,"column":11},"end":{"line":18,"column":3}},"line":4}},"branchMap":{},"s":{"0":0},"f":{"0":0},"b":{}}
,"/Users/luisfrancisco/Documents/Projects/0-Practicing/LearnTests/ignews/src/pages/index.tsx": {"path":"/Users/luisfrancisco/Documents/Projects/0-Practicing/LearnTests/ignews/src/pages/index.tsx","statementMap":{"0":{"start":{"line":16,"column":2},"end":{"line":34,"column":3}},"1":{"start":{"line":37,"column":46},"end":{"line":53,"column":1}},"2":{"start":{"line":38,"column":16},"end":{"line":38,"column":78}},"3":{"start":{"line":40,"column":18},"end":{"line":46,"column":3}},"4":{"start":{"line":47,"column":2},"end":{"line":52,"column":3}}},"fnMap":{"0":{"name":"Home","decl":{"start":{"line":15,"column":24},"end":{"line":15,"column":28}},"loc":{"start":{"line":15,"column":53},"end":{"line":35,"column":1}},"line":15},"1":{"name":"(anonymous_1)","decl":{"start":{"line":37,"column":46},"end":{"line":37,"column":47}},"loc":{"start":{"line":37,"column":58},"end":{"line":53,"column":1}},"line":37}},"branchMap":{},"s":{"0":1,"1":1,"2":1,"3":1,"4":1},"f":{"0":1,"1":1},"b":{},"_coverageSchema":"1a1c01bbd47fc00a2c39e90264f33305004495a9","hash":"f8ed92b8bec0c4bd6f11f6b44dea4bcf03cff8f4"}
,"/Users/luisfrancisco/Documents/Projects/0-Practicing/LearnTests/ignews/src/pages/posts/[slug].tsx": {"path":"/Users/luisfrancisco/Documents/Projects/0-Practicing/LearnTests/ignews/src/pages/posts/[slug].tsx","statementMap":{"0":{"start":{"line":19,"column":2},"end":{"line":35,"column":3}},"1":{"start":{"line":38,"column":54},"end":{"line":73,"column":1}},"2":{"start":{"line":39,"column":18},"end":{"line":39,"column":43}},"3":{"start":{"line":40,"column":19},"end":{"line":40,"column":25}},"4":{"start":{"line":42,"column":2},"end":{"line":42,"column":22}},"5":{"start":{"line":44,"column":2},"end":{"line":51,"column":3}},"6":{"start":{"line":45,"column":4},"end":{"line":50,"column":5}},"7":{"start":{"line":53,"column":18},"end":{"line":53,"column":39}},"8":{"start":{"line":55,"column":19},"end":{"line":55,"column":67}},"9":{"start":{"line":57,"column":15},"end":{"line":66,"column":3}},"10":{"start":{"line":67,"column":2},"end":{"line":71,"column":3}}},"fnMap":{"0":{"name":"Post","decl":{"start":{"line":18,"column":24},"end":{"line":18,"column":28}},"loc":{"start":{"line":18,"column":50},"end":{"line":36,"column":1}},"line":18},"1":{"name":"(anonymous_1)","decl":{"start":{"line":38,"column":54},"end":{"line":38,"column":55}},"loc":{"start":{"line":38,"column":81},"end":{"line":73,"column":1}},"line":38}},"branchMap":{"0":{"loc":{"start":{"line":44,"column":2},"end":{"line":51,"column":3}},"type":"if","locations":[{"start":{"line":44,"column":2},"end":{"line":51,"column":3}},{"start":{},"end":{}}],"line":44}},"s":{"0":1,"1":2,"2":3,"3":3,"4":3,"5":3,"6":2,"7":1,"8":1,"9":1,"10":1},"f":{"0":1,"1":3},"b":{"0":[2,1]},"_coverageSchema":"1a1c01bbd47fc00a2c39e90264f33305004495a9","hash":"cf937ac94ce833be42d2a6e055bdd2eafa898c60"}
,"/Users/luisfrancisco/Documents/Projects/0-Practicing/LearnTests/ignews/src/pages/posts/index.tsx": {"path":"/Users/luisfrancisco/Documents/Projects/0-Practicing/LearnTests/ignews/src/pages/posts/index.tsx","statementMap":{"0":{"start":{"line":24,"column":2},"end":{"line":45,"column":4}},"1":{"start":{"line":33,"column":12},"end":{"line":39,"column":19}},"2":{"start":{"line":48,"column":46},"end":{"line":78,"column":1}},"3":{"start":{"line":49,"column":18},"end":{"line":49,"column":36}},"4":{"start":{"line":51,"column":19},"end":{"line":57,"column":3}},"5":{"start":{"line":59,"column":16},"end":{"line":70,"column":4}},"6":{"start":{"line":60,"column":4},"end":{"line":69,"column":5}},"7":{"start":{"line":63,"column":49},"end":{"line":63,"column":77}},"8":{"start":{"line":73,"column":2},"end":{"line":77,"column":3}}},"fnMap":{"0":{"name":"Posts","decl":{"start":{"line":23,"column":24},"end":{"line":23,"column":29}},"loc":{"start":{"line":23,"column":53},"end":{"line":46,"column":1}},"line":23},"1":{"name":"(anonymous_1)","decl":{"start":{"line":32,"column":21},"end":{"line":32,"column":22}},"loc":{"start":{"line":33,"column":12},"end":{"line":39,"column":19}},"line":33},"2":{"name":"(anonymous_2)","decl":{"start":{"line":48,"column":46},"end":{"line":48,"column":47}},"loc":{"start":{"line":48,"column":58},"end":{"line":78,"column":1}},"line":48},"3":{"name":"(anonymous_3)","decl":{"start":{"line":59,"column":37},"end":{"line":59,"column":38}},"loc":{"start":{"line":59,"column":45},"end":{"line":70,"column":3}},"line":59},"4":{"name":"(anonymous_4)","decl":{"start":{"line":63,"column":38},"end":{"line":63,"column":39}},"loc":{"start":{"line":63,"column":49},"end":{"line":63,"column":77}},"line":63}},"branchMap":{"0":{"loc":{"start":{"line":63,"column":15},"end":{"line":63,"column":90}},"type":"binary-expr","locations":[{"start":{"line":63,"column":15},"end":{"line":63,"column":84}},{"start":{"line":63,"column":88},"end":{"line":63,"column":90}}],"line":63}},"s":{"0":1,"1":1,"2":1,"3":1,"4":1,"5":1,"6":1,"7":1,"8":1},"f":{"0":1,"1":1,"2":1,"3":1,"4":1},"b":{"0":[1,0]},"_coverageSchema":"1a1c01bbd47fc00a2c39e90264f33305004495a9","hash":"8488d8b833cecdd107974a59b705c77c448cd5c9"}
,"/Users/luisfrancisco/Documents/Projects/0-Practicing/LearnTests/ignews/src/pages/posts/preview/[slug].tsx": {"path":"/Users/luisfrancisco/Documents/Projects/0-Practicing/LearnTests/ignews/src/pages/posts/preview/[slug].tsx","statementMap":{"0":{"start":{"line":22,"column":20},"end":{"line":22,"column":32}},"1":{"start":{"line":23,"column":17},"end":{"line":23,"column":28}},"2":{"start":{"line":25,"column":2},"end":{"line":29,"column":15}},"3":{"start":{"line":26,"column":4},"end":{"line":28,"column":5}},"4":{"start":{"line":27,"column":6},"end":{"line":27,"column":40}},"5":{"start":{"line":31,"column":2},"end":{"line":54,"column":3}},"6":{"start":{"line":57,"column":46},"end":{"line":62,"column":1}},"7":{"start":{"line":58,"column":2},"end":{"line":61,"column":3}},"8":{"start":{"line":64,"column":46},"end":{"line":88,"column":1}},"9":{"start":{"line":65,"column":19},"end":{"line":65,"column":25}},"10":{"start":{"line":67,"column":18},"end":{"line":67,"column":36}},"11":{"start":{"line":69,"column":19},"end":{"line":69,"column":67}},"12":{"start":{"line":71,"column":15},"end":{"line":80,"column":3}},"13":{"start":{"line":81,"column":2},"end":{"line":86,"column":3}}},"fnMap":{"0":{"name":"PostPreview","decl":{"start":{"line":21,"column":24},"end":{"line":21,"column":35}},"loc":{"start":{"line":21,"column":64},"end":{"line":55,"column":1}},"line":21},"1":{"name":"(anonymous_1)","decl":{"start":{"line":25,"column":12},"end":{"line":25,"column":13}},"loc":{"start":{"line":25,"column":18},"end":{"line":29,"column":3}},"line":25},"2":{"name":"(anonymous_2)","decl":{"start":{"line":57,"column":46},"end":{"line":57,"column":47}},"loc":{"start":{"line":57,"column":58},"end":{"line":62,"column":1}},"line":57},"3":{"name":"(anonymous_3)","decl":{"start":{"line":64,"column":46},"end":{"line":64,"column":47}},"loc":{"start":{"line":64,"column":68},"end":{"line":88,"column":1}},"line":64}},"branchMap":{"0":{"loc":{"start":{"line":26,"column":4},"end":{"line":28,"column":5}},"type":"if","locations":[{"start":{"line":26,"column":4},"end":{"line":28,"column":5}},{"start":{},"end":{}}],"line":26}},"s":{"0":2,"1":2,"2":2,"3":2,"4":1,"5":2,"6":1,"7":0,"8":1,"9":1,"10":1,"11":1,"12":1,"13":1},"f":{"0":2,"1":2,"2":0,"3":1},"b":{"0":[1,1]},"_coverageSchema":"1a1c01bbd47fc00a2c39e90264f33305004495a9","hash":"6ec2af695737ed65aefc3b072d71e215507cc79e"}
}
