TN:
SF:src/components/ActiveLink/index.tsx
FN:10,ActiveLink
FNF:1
FNH:1
FNDA:4,ActiveLink
DA:11,4
DA:13,4
DA:17,4
LF:3
LH:3
BRDA:13,0,0,3
BRDA:13,0,1,1
BRF:2
BRH:2
end_of_record
TN:
SF:src/components/Header/index.tsx
FN:5,Header
FNF:1
FNH:1
FNDA:1,Header
DA:6,1
LF:1
LH:1
BRF:0
BRH:0
end_of_record
TN:
SF:src/components/SignInButton/index.tsx
FN:8,SignInButton
FN:17,(anonymous_1)
FN:27,(anonymous_2)
FNF:3
FNH:1
FNDA:3,SignInButton
FNDA:0,(anonymous_1)
FNDA:0,(anonymous_2)
DA:9,3
DA:11,3
DA:13,3
DA:17,0
DA:27,0
LF:5
LH:3
BRDA:13,0,0,1
BRDA:13,0,1,2
BRF:2
BRH:2
end_of_record
TN:
SF:src/components/SubscribeButton/index.tsx
FN:11,SubscribeButton
FN:15,handleSubscribe
FNF:2
FNH:2
FNDA:4,SubscribeButton
FNDA:2,handleSubscribe
DA:12,4
DA:13,4
DA:16,2
DA:17,1
DA:18,1
DA:21,1
DA:22,1
DA:23,1
DA:26,0
DA:27,0
DA:29,0
DA:31,0
DA:33,0
DA:35,0
DA:40,4
LF:15
LH:9
BRDA:16,0,0,1
BRDA:16,0,1,1
BRDA:21,1,0,1
BRDA:21,1,1,0
BRF:4
BRH:3
end_of_record
TN:
SF:src/pages/_app.tsx
FN:7,MyApp
FNF:1
FNH:0
FNDA:0,MyApp
DA:8,0
LF:1
LH:0
BRF:0
BRH:0
end_of_record
TN:
SF:src/pages/_document.tsx
FN:4,(anonymous_0)
FNF:1
FNH:0
FNDA:0,(anonymous_0)
DA:5,0
LF:1
LH:0
BRF:0
BRH:0
end_of_record
TN:
SF:src/pages/index.tsx
FN:15,Home
FN:37,(anonymous_1)
FNF:2
FNH:2
FNDA:1,Home
FNDA:1,(anonymous_1)
DA:16,1
DA:37,1
DA:38,1
DA:40,1
DA:47,1
LF:5
LH:5
BRF:0
BRH:0
end_of_record
TN:
SF:src/pages/posts/[slug].tsx
FN:18,Post
FN:38,(anonymous_1)
FNF:2
FNH:2
FNDA:1,Post
FNDA:3,(anonymous_1)
DA:19,1
DA:38,2
DA:39,3
DA:40,3
DA:42,3
DA:44,3
DA:45,2
DA:53,1
DA:55,1
DA:57,1
DA:67,1
LF:11
LH:11
BRDA:44,0,0,2
BRDA:44,0,1,1
BRF:2
BRH:2
end_of_record
TN:
SF:src/pages/posts/index.tsx
FN:23,Posts
FN:32,(anonymous_1)
FN:48,(anonymous_2)
FN:59,(anonymous_3)
FN:63,(anonymous_4)
FNF:5
FNH:5
FNDA:1,Posts
FNDA:1,(anonymous_1)
FNDA:1,(anonymous_2)
FNDA:1,(anonymous_3)
FNDA:1,(anonymous_4)
DA:24,1
DA:33,1
DA:48,1
DA:49,1
DA:51,1
DA:59,1
DA:60,1
DA:63,1
DA:73,1
LF:9
LH:9
BRDA:63,0,0,1
BRDA:63,0,1,0
BRF:2
BRH:1
end_of_record
TN:
SF:src/pages/posts/preview/[slug].tsx
FN:21,PostPreview
FN:25,(anonymous_1)
FN:57,(anonymous_2)
FN:64,(anonymous_3)
FNF:4
FNH:3
FNDA:2,PostPreview
FNDA:2,(anonymous_1)
FNDA:0,(anonymous_2)
FNDA:1,(anonymous_3)
DA:22,2
DA:23,2
DA:25,2
DA:26,2
DA:27,1
DA:31,2
DA:57,1
DA:58,0
DA:64,1
DA:65,1
DA:67,1
DA:69,1
DA:71,1
DA:81,1
LF:14
LH:13
BRDA:26,0,0,1
BRDA:26,0,1,1
BRF:2
BRH:2
end_of_record
